android/app/build/outputs/logs/manifest-merger-debug-report.txt
-- Merging decision tree log ---
manifest
ADDED from src/main/AndroidManifest.xml:1:1-52:12
	package
		ADDED from src/main/AndroidManifest.xml:3:5-25
		INJECTED from src/main/AndroidManifest.xml
		INJECTED from src/main/AndroidManifest.xml
	android:versionName
		ADDED from src/main/AndroidManifest.xml:5:5-30
		INJECTED from src/main/AndroidManifest.xml
		INJECTED from src/main/AndroidManifest.xml
	xmlns:tools
		ADDED from src/main/AndroidManifest.xml:2:5-51
	android:versionCode
		ADDED from src/main/AndroidManifest.xml:4:5-28
		INJECTED from src/main/AndroidManifest.xml
		INJECTED from src/main/AndroidManifest.xml
	xmlns:android
		ADDED from src/main/AndroidManifest.xml:1:11-69
uses-permission#android.permission.INTERNET
ADDED from src/main/AndroidManifest.xml:7:5-67
	android:name
		ADDED from src/main/AndroidManifest.xml:7:22-64
uses-permission#android.permission.SYSTEM_ALERT_WINDOW
ADDED from src/main/AndroidManifest.xml:8:5-77
MERGED from [com.facebook.react:react-native:0.50.4] AndroidManifest.xml:11:5-78
	android:name
		ADDED from src/main/AndroidManifest.xml:8:22-75
uses-permission#android.permission.READ_PHONE_STATE
ADDED from src/main/AndroidManifest.xml:9:5-75
	android:name
		ADDED from src/main/AndroidManifest.xml:9:22-72
uses-permission#android.permission.RECEIVE_SMS
ADDED from src/main/AndroidManifest.xml:10:5-70
	android:name
		ADDED from src/main/AndroidManifest.xml:10:22-67
uses-permission#android.permission.ACCESS_FINE_LOCATION
ADDED from src/main/AndroidManifest.xml:11:5-78
	android:name
		ADDED from src/main/AndroidManifest.xml:11:22-76
uses-permission#android.permission.ACCESS_COARSE_LOCATION
ADDED from src/main/AndroidManifest.xml:12:5-80
MERGED from [ryzume:react-native-ble-manager:unspecified] AndroidManifest.xml:9:5-81
	android:name
		ADDED from src/main/AndroidManifest.xml:12:22-78
uses-sdk
ADDED from src/main/AndroidManifest.xml:15:5-17:41
MERGED from [ryzume:react-native-ble-manager:unspecified] AndroidManifest.xml:5:5-44
MERGED from [ryzume:react-native-vector-icons:unspecified] AndroidManifest.xml:7:5-9:41
MERGED from [ryzume:react-native-facebook-account-kit:unspecified] AndroidManifest.xml:7:5-9:41
MERGED from [com.facebook.android:account-kit-sdk:4.23.0] AndroidManifest.xml:24:5-26:41
MERGED from [com.android.support:design:24.2.1] AndroidManifest.xml:20:5-43
MERGED from [com.android.support:recyclerview-v7:24.2.1] AndroidManifest.xml:20:5-43
MERGED from [ryzume:react-native-linear-gradient:unspecified] AndroidManifest.xml:7:5-9:41
MERGED from [ryzume:react-native-svg:unspecified] AndroidManifest.xml:7:5-9:41
MERGED from [com.facebook.react:react-native:0.50.4] AndroidManifest.xml:7:5-9:41
MERGED from [com.android.support:appcompat-v7:25.3.1] AndroidManifest.xml:21:5-23:78
MERGED from [com.android.support:support-v4:25.3.1] AndroidManifest.xml:21:5-23:54
MERGED from [com.android.support:support-fragment:25.3.1] AndroidManifest.xml:21:5-23:60
MERGED from [com.android.support:support-media-compat:25.3.1] AndroidManifest.xml:21:5-23:63
MERGED from [com.android.support:support-core-ui:25.3.1] AndroidManifest.xml:21:5-23:58
MERGED from [com.android.support:support-core-utils:25.3.1] AndroidManifest.xml:21:5-23:61
MERGED from [com.android.support:animated-vector-drawable:25.3.1] AndroidManifest.xml:20:5-44
MERGED from [com.android.support:support-vector-drawable:25.3.1] AndroidManifest.xml:20:5-43
MERGED from [com.android.support:support-compat:25.3.1] AndroidManifest.xml:21:5-23:58
MERGED from [com.facebook.fbui.textlayoutbuilder:textlayoutbuilder:1.0.0] AndroidManifest.xml:14:5-16:41
MERGED from [com.facebook.fresco:fresco:1.3.0] AndroidManifest.xml:5:5-7:41
MERGED from [com.facebook.fresco:drawee:1.3.0] AndroidManifest.xml:5:5-7:41
MERGED from [com.facebook.fresco:imagepipeline-okhttp3:1.3.0] AndroidManifest.xml:5:5-7:41
MERGED from [com.facebook.fresco:imagepipeline:1.3.0] AndroidManifest.xml:5:5-7:41
MERGED from [com.facebook.fresco:imagepipeline-base:1.3.0] AndroidManifest.xml:5:5-7:41
MERGED from [com.facebook.fresco:fbcore:1.3.0] AndroidManifest.xml:5:5-7:41
MERGED from [com.facebook.soloader:soloader:0.1.0] AndroidManifest.xml:2:3-70
	tools:overrideLibrary
		ADDED from [com.android.support:appcompat-v7:25.3.1] AndroidManifest.xml:23:9-75
	android:targetSdkVersion
		ADDED from src/main/AndroidManifest.xml:17:9-38
		INJECTED from src/main/AndroidManifest.xml
		INJECTED from src/main/AndroidManifest.xml
	android:minSdkVersion
		ADDED from src/main/AndroidManifest.xml:16:9-35
		INJECTED from src/main/AndroidManifest.xml
		INJECTED from src/main/AndroidManifest.xml
application
ADDED from src/main/AndroidManifest.xml:19:5-50:19
MERGED from [ryzume:react-native-facebook-account-kit:unspecified] AndroidManifest.xml:11:5-15:19
MERGED from [com.facebook.android:account-kit-sdk:4.23.0] AndroidManifest.xml:28:5-53:19
MERGED from [com.android.support:design:24.2.1] AndroidManifest.xml:22:5-20
MERGED from [com.facebook.react:react-native:0.50.4] AndroidManifest.xml:13:5-20
MERGED from [com.android.support:appcompat-v7:25.3.1] AndroidManifest.xml:29:5-20
MERGED from [com.android.support:support-v4:25.3.1] AndroidManifest.xml:29:5-20
MERGED from [com.android.support:support-fragment:25.3.1] AndroidManifest.xml:29:5-20
MERGED from [com.android.support:support-media-compat:25.3.1] AndroidManifest.xml:29:5-20
MERGED from [com.android.support:support-core-ui:25.3.1] AndroidManifest.xml:29:5-20
MERGED from [com.android.support:support-core-utils:25.3.1] AndroidManifest.xml:29:5-20
MERGED from [com.android.support:animated-vector-drawable:25.3.1] AndroidManifest.xml:26:5-20
MERGED from [com.android.support:support-vector-drawable:25.3.1] AndroidManifest.xml:26:5-20
MERGED from [com.android.support:support-compat:25.3.1] AndroidManifest.xml:29:5-20
MERGED from [com.facebook.soloader:soloader:0.1.0] AndroidManifest.xml:3:3-17
MERGED from [org.webkit:android-jsc:r174650] AndroidManifest.xml:2:3-17
	android:label
		ADDED from src/main/AndroidManifest.xml:22:7-39
	android:supportsRtl
		ADDED from [ryzume:react-native-facebook-account-kit:unspecified] AndroidManifest.xml:14:9-35
	android:allowBackup
		ADDED from src/main/AndroidManifest.xml:21:7-33
	android:icon
		ADDED from src/main/AndroidManifest.xml:23:7-41
	android:theme
		ADDED from src/main/AndroidManifest.xml:24:7-38
	android:name
		ADDED from src/main/AndroidManifest.xml:20:7-38
meta-data#com.facebook.sdk.ApplicationId
ADDED from src/main/AndroidManifest.xml:25:9-27:49
	android:value
		ADDED from src/main/AndroidManifest.xml:27:13-46
	android:name
		ADDED from src/main/AndroidManifest.xml:26:13-58
meta-data#com.facebook.accountkit.ApplicationName
ADDED from src/main/AndroidManifest.xml:28:9-30:48
	android:value
		ADDED from src/main/AndroidManifest.xml:30:13-45
	android:name
		ADDED from src/main/AndroidManifest.xml:29:13-67
meta-data#com.facebook.accountkit.ClientToken
ADDED from src/main/AndroidManifest.xml:31:9-33:55
	android:value
		ADDED from src/main/AndroidManifest.xml:33:13-52
	android:name
		ADDED from src/main/AndroidManifest.xml:32:13-63
activity#com.ryzume.MainActivity
ADDED from src/main/AndroidManifest.xml:34:7-44:18
	android:label
		ADDED from src/main/AndroidManifest.xml:36:9-41
	android:windowSoftInputMode
		ADDED from src/main/AndroidManifest.xml:38:9-51
	android:configChanges
		ADDED from src/main/AndroidManifest.xml:37:9-79
	android:name
		ADDED from src/main/AndroidManifest.xml:35:9-37
intent-filter#android.intent.action.MAIN+android.intent.category.LAUNCHER
ADDED from src/main/AndroidManifest.xml:39:9-42:25
action#android.intent.action.MAIN
ADDED from src/main/AndroidManifest.xml:40:13-65
	android:name
		ADDED from src/main/AndroidManifest.xml:40:21-62
category#android.intent.category.LAUNCHER
ADDED from src/main/AndroidManifest.xml:41:13-73
	android:name
		ADDED from src/main/AndroidManifest.xml:41:23-70
activity#com.facebook.accountkit.ui.AccountKitActivity
ADDED from src/main/AndroidManifest.xml:45:9-48:55
MERGED from [com.facebook.android:account-kit-sdk:4.23.0] AndroidManifest.xml:29:9-34:58
	android:label
		ADDED from [com.facebook.android:account-kit-sdk:4.23.0] AndroidManifest.xml:31:13-65
	android:launchMode
		ADDED from [com.facebook.android:account-kit-sdk:4.23.0] AndroidManifest.xml:32:13-43
	android:windowSoftInputMode
		ADDED from [com.facebook.android:account-kit-sdk:4.23.0] AndroidManifest.xml:34:13-55
	android:theme
		ADDED from src/main/AndroidManifest.xml:48:13-52
		REJECTED from [com.facebook.android:account-kit-sdk:4.23.0] AndroidManifest.xml:33:13-52
	tools:replace
		ADDED from src/main/AndroidManifest.xml:46:13-42
	android:name
		ADDED from src/main/AndroidManifest.xml:47:13-73
activity#com.facebook.react.devsupport.DevSettingsActivity
ADDED from src/main/AndroidManifest.xml:49:7-84
	android:name
		ADDED from src/main/AndroidManifest.xml:49:17-81
uses-permission#android.permission.BLUETOOTH
ADDED from [ryzume:react-native-ble-manager:unspecified] AndroidManifest.xml:7:5-68
	android:name
		ADDED from [ryzume:react-native-ble-manager:unspecified] AndroidManifest.xml:7:22-65
uses-permission#android.permission.BLUETOOTH_ADMIN
ADDED from [ryzume:react-native-ble-manager:unspecified] AndroidManifest.xml:8:5-74
	android:name
		ADDED from [ryzume:react-native-ble-manager:unspecified] AndroidManifest.xml:8:22-71
uses-feature#android.hardware.bluetooth_le
ADDED from [ryzume:react-native-ble-manager:unspecified] AndroidManifest.xml:11:5-13:35
	android:required
		ADDED from [ryzume:react-native-ble-manager:unspecified] AndroidManifest.xml:13:9-32
	android:name
		ADDED from [ryzume:react-native-ble-manager:unspecified] AndroidManifest.xml:12:9-53
activity#com.facebook.accountkit.ui.AccountKitEmailRedirectActivity
ADDED from [com.facebook.android:account-kit-sdk:4.23.0] AndroidManifest.xml:35:9-38:40
	android:exported
		ADDED from [com.facebook.android:account-kit-sdk:4.23.0] AndroidManifest.xml:37:13-36
	android:noHistory
		ADDED from [com.facebook.android:account-kit-sdk:4.23.0] AndroidManifest.xml:38:13-37
	android:name
		ADDED from [com.facebook.android:account-kit-sdk:4.23.0] AndroidManifest.xml:36:13-86
provider#com.facebook.accountkit.internal.AccountKitInitProvider
ADDED from [com.facebook.android:account-kit-sdk:4.23.0] AndroidManifest.xml:49:9-52:40
	android:authorities
		ADDED from [com.facebook.android:account-kit-sdk:4.23.0] AndroidManifest.xml:51:13-76
	android:exported
		ADDED from [com.facebook.android:account-kit-sdk:4.23.0] AndroidManifest.xml:52:13-37
	android:name
		ADDED from [com.facebook.android:account-kit-sdk:4.23.0] AndroidManifest.xml:50:13-83
meta-data#android.support.VERSION
ADDED from [com.android.support:appcompat-v7:25.3.1] AndroidManifest.xml:25:5-27:34
MERGED from [com.android.support:support-v4:25.3.1] AndroidManifest.xml:25:5-27:34
MERGED from [com.android.support:support-fragment:25.3.1] AndroidManifest.xml:25:5-27:34
MERGED from [com.android.support:support-media-compat:25.3.1] AndroidManifest.xml:25:5-27:34
MERGED from [com.android.support:support-core-ui:25.3.1] AndroidManifest.xml:25:5-27:34
MERGED from [com.android.support:support-core-utils:25.3.1] AndroidManifest.xml:25:5-27:34
MERGED from [com.android.support:animated-vector-drawable:25.3.1] AndroidManifest.xml:22:5-24:34
MERGED from [com.android.support:support-vector-drawable:25.3.1] AndroidManifest.xml:22:5-24:34
MERGED from [com.android.support:support-compat:25.3.1] AndroidManifest.xml:25:5-27:34
	android:value
		ADDED from [com.android.support:appcompat-v7:25.3.1] AndroidManifest.xml:27:9-31
	android:name
		ADDED from [com.android.support:appcompat-v7:25.3.1] AndroidManifest.xml:26:9-47
android:uses-permission#android.permission.WRITE_EXTERNAL_STORAGE
IMPLIED from src/main/AndroidManifest.xml:1:1-52:12 reason: org.webkit.android_jsc has a targetSdkVersion < 4
android:uses-permission#android.permission.READ_EXTERNAL_STORAGE
IMPLIED from src/main/AndroidManifest.xml:1:1-52:12 reason: org.webkit.android_jsc requested WRITE_EXTERNAL_STORAGE